2024-10-07 00:26:25,242 - INFO - Renamed fields for document _id: 66e2ea1ee17acc78e397b1ab
2024-10-07 00:26:25,284 - INFO - Renamed fields for document _id: 66e31979c9be7ccf6c776188
2024-10-07 00:26:25,325 - INFO - Renamed fields for document _id: 66e3216532cf72c259c31f09
2024-10-07 00:26:25,367 - INFO - Renamed fields for document _id: 66e3b961bc5d075cd0362f27
2024-10-07 00:26:25,409 - INFO - Renamed fields for document _id: 66e3c4918e8e4852e9636cfa
2024-10-07 00:26:25,451 - INFO - Renamed fields for document _id: 66e3c66fa81fa0e819876651
2024-10-07 00:26:25,495 - INFO - Renamed fields for document _id: 66e3c714a81fa0e819876652
2024-10-07 00:26:25,535 - INFO - Renamed fields for document _id: 66e3c72fa81fa0e819876653
2024-10-07 00:26:25,578 - INFO - Renamed fields for document _id: 66e3c84dfadf618dc584eeaa
2024-10-07 00:26:25,619 - INFO - Renamed fields for document _id: 66e3ce10f24e79907cefbc91
2024-10-07 00:26:25,663 - INFO - Renamed fields for document _id: 66e3d22e73290a7701316f95
2024-10-07 00:26:25,703 - INFO - Renamed fields for document _id: 66e3d4516136ca1a309ce9d0
2024-10-07 00:26:25,744 - INFO - Renamed fields for document _id: 66e3d5866d9827d7997a33ad
2024-10-07 00:26:25,787 - INFO - Renamed fields for document _id: 66e3d909d128c6dc5cbb67a6
2024-10-07 00:26:25,829 - INFO - Renamed fields for document _id: 66e41a9b68c8c308f8aab5ab
2024-10-07 00:26:25,869 - INFO - Renamed fields for document _id: 66e41ac568c8c308f8aab5ad
2024-10-07 00:26:25,914 - INFO - Renamed fields for document _id: 66e41d7868c8c308f8aab5af
2024-10-07 00:26:25,958 - INFO - Renamed fields for document _id: 66e4229868c8c308f8aab5b0
2024-10-07 00:26:26,001 - INFO - Renamed fields for document _id: 66e47659588169fa128e74b9
2024-10-07 00:26:26,046 - INFO - Renamed fields for document _id: 66e4780e3314ab1808fd38a5
2024-10-07 00:26:26,089 - INFO - Renamed fields for document _id: 66e479263314ab1808fd38a6
2024-10-07 00:26:26,089 - INFO - Total documents processed: 42
2024-10-07 00:26:26,090 - INFO - 'location' renamed to 'city' in 21 documents.
2024-10-07 00:26:26,090 - INFO - 'area' renamed to 'micromarket' in 21 documents.
2024-10-07 00:26:26,170 - WARNING - There are still 21 documents with the 'location' field.
2024-10-07 00:26:26,170 - WARNING - There are still 21 documents with the 'area' field.
2024-10-07 00:29:35,674 - WARNING - Conflict in document _id: 66e2ea1ee17acc78e397b1ab - Both 'location' and 'city' exist. 'location' will be removed without renaming.
2024-10-07 00:29:35,674 - WARNING - Conflict in document _id: 66e2ea1ee17acc78e397b1ab - Both 'area' and 'micromarket' exist. 'area' will be removed without renaming.
2024-10-07 00:29:35,720 - INFO - Updated document _id: 66e2ea1ee17acc78e397b1ab with {'$unset': {'location': '', 'area': ''}}
2024-10-07 00:29:36,018 - WARNING - Conflict in document _id: 66e31979c9be7ccf6c776188 - Both 'location' and 'city' exist. 'location' will be removed without renaming.
2024-10-07 00:29:36,018 - WARNING - Conflict in document _id: 66e31979c9be7ccf6c776188 - Both 'area' and 'micromarket' exist. 'area' will be removed without renaming.
2024-10-07 00:29:36,062 - INFO - Updated document _id: 66e31979c9be7ccf6c776188 with {'$unset': {'location': '', 'area': ''}}
2024-10-07 00:29:36,062 - WARNING - Conflict in document _id: 66e3216532cf72c259c31f09 - Both 'location' and 'city' exist. 'location' will be removed without renaming.
2024-10-07 00:29:36,062 - WARNING - Conflict in document _id: 66e3216532cf72c259c31f09 - Both 'area' and 'micromarket' exist. 'area' will be removed without renaming.
2024-10-07 00:29:36,105 - INFO - Updated document _id: 66e3216532cf72c259c31f09 with {'$unset': {'location': '', 'area': ''}}
2024-10-07 00:29:36,106 - WARNING - Conflict in document _id: 66e3b961bc5d075cd0362f27 - Both 'location' and 'city' exist. 'location' will be removed without renaming.
2024-10-07 00:29:36,106 - WARNING - Conflict in document _id: 66e3b961bc5d075cd0362f27 - Both 'area' and 'micromarket' exist. 'area' will be removed without renaming.
2024-10-07 00:29:36,151 - INFO - Updated document _id: 66e3b961bc5d075cd0362f27 with {'$unset': {'location': '', 'area': ''}}
2024-10-07 00:29:36,151 - WARNING - Conflict in document _id: 66e3c4918e8e4852e9636cfa - Both 'location' and 'city' exist. 'location' will be removed without renaming.
2024-10-07 00:29:36,152 - WARNING - Conflict in document _id: 66e3c4918e8e4852e9636cfa - Both 'area' and 'micromarket' exist. 'area' will be removed without renaming.
2024-10-07 00:29:36,197 - INFO - Updated document _id: 66e3c4918e8e4852e9636cfa with {'$unset': {'location': '', 'area': ''}}
2024-10-07 00:29:36,197 - WARNING - Conflict in document _id: 66e3c66fa81fa0e819876651 - Both 'location' and 'city' exist. 'location' will be removed without renaming.
2024-10-07 00:29:36,197 - WARNING - Conflict in document _id: 66e3c66fa81fa0e819876651 - Both 'area' and 'micromarket' exist. 'area' will be removed without renaming.
2024-10-07 00:29:36,241 - INFO - Updated document _id: 66e3c66fa81fa0e819876651 with {'$unset': {'location': '', 'area': ''}}
2024-10-07 00:29:36,241 - WARNING - Conflict in document _id: 66e3c714a81fa0e819876652 - Both 'location' and 'city' exist. 'location' will be removed without renaming.
2024-10-07 00:29:36,241 - WARNING - Conflict in document _id: 66e3c714a81fa0e819876652 - Both 'area' and 'micromarket' exist. 'area' will be removed without renaming.
2024-10-07 00:29:36,284 - INFO - Updated document _id: 66e3c714a81fa0e819876652 with {'$unset': {'location': '', 'area': ''}}
2024-10-07 00:29:36,284 - WARNING - Conflict in document _id: 66e3c72fa81fa0e819876653 - Both 'location' and 'city' exist. 'location' will be removed without renaming.
2024-10-07 00:29:36,284 - WARNING - Conflict in document _id: 66e3c72fa81fa0e819876653 - Both 'area' and 'micromarket' exist. 'area' will be removed without renaming.
2024-10-07 00:29:36,328 - INFO - Updated document _id: 66e3c72fa81fa0e819876653 with {'$unset': {'location': '', 'area': ''}}
2024-10-07 00:29:36,329 - WARNING - Conflict in document _id: 66e3c84dfadf618dc584eeaa - Both 'location' and 'city' exist. 'location' will be removed without renaming.
2024-10-07 00:29:36,329 - WARNING - Conflict in document _id: 66e3c84dfadf618dc584eeaa - Both 'area' and 'micromarket' exist. 'area' will be removed without renaming.
2024-10-07 00:29:36,372 - INFO - Updated document _id: 66e3c84dfadf618dc584eeaa with {'$unset': {'location': '', 'area': ''}}
2024-10-07 00:29:36,372 - WARNING - Conflict in document _id: 66e3ce10f24e79907cefbc91 - Both 'location' and 'city' exist. 'location' will be removed without renaming.
2024-10-07 00:29:36,372 - WARNING - Conflict in document _id: 66e3ce10f24e79907cefbc91 - Both 'area' and 'micromarket' exist. 'area' will be removed without renaming.
2024-10-07 00:29:36,418 - INFO - Updated document _id: 66e3ce10f24e79907cefbc91 with {'$unset': {'location': '', 'area': ''}}
2024-10-07 00:29:36,418 - WARNING - Conflict in document _id: 66e3d22e73290a7701316f95 - Both 'location' and 'city' exist. 'location' will be removed without renaming.
2024-10-07 00:29:36,419 - WARNING - Conflict in document _id: 66e3d22e73290a7701316f95 - Both 'area' and 'micromarket' exist. 'area' will be removed without renaming.
2024-10-07 00:29:36,465 - INFO - Updated document _id: 66e3d22e73290a7701316f95 with {'$unset': {'location': '', 'area': ''}}
2024-10-07 00:29:36,465 - WARNING - Conflict in document _id: 66e3d4516136ca1a309ce9d0 - Both 'location' and 'city' exist. 'location' will be removed without renaming.
2024-10-07 00:29:36,466 - WARNING - Conflict in document _id: 66e3d4516136ca1a309ce9d0 - Both 'area' and 'micromarket' exist. 'area' will be removed without renaming.
2024-10-07 00:29:36,510 - INFO - Updated document _id: 66e3d4516136ca1a309ce9d0 with {'$unset': {'location': '', 'area': ''}}
2024-10-07 00:29:36,510 - WARNING - Conflict in document _id: 66e3d5866d9827d7997a33ad - Both 'location' and 'city' exist. 'location' will be removed without renaming.
2024-10-07 00:29:36,510 - WARNING - Conflict in document _id: 66e3d5866d9827d7997a33ad - Both 'area' and 'micromarket' exist. 'area' will be removed without renaming.
2024-10-07 00:29:36,554 - INFO - Updated document _id: 66e3d5866d9827d7997a33ad with {'$unset': {'location': '', 'area': ''}}
2024-10-07 00:29:36,555 - WARNING - Conflict in document _id: 66e3d909d128c6dc5cbb67a6 - Both 'location' and 'city' exist. 'location' will be removed without renaming.
2024-10-07 00:29:36,555 - WARNING - Conflict in document _id: 66e3d909d128c6dc5cbb67a6 - Both 'area' and 'micromarket' exist. 'area' will be removed without renaming.
2024-10-07 00:29:36,602 - INFO - Updated document _id: 66e3d909d128c6dc5cbb67a6 with {'$unset': {'location': '', 'area': ''}}
2024-10-07 00:29:36,602 - WARNING - Conflict in document _id: 66e41a9b68c8c308f8aab5ab - Both 'location' and 'city' exist. 'location' will be removed without renaming.
2024-10-07 00:29:36,602 - WARNING - Conflict in document _id: 66e41a9b68c8c308f8aab5ab - Both 'area' and 'micromarket' exist. 'area' will be removed without renaming.
2024-10-07 00:29:36,651 - INFO - Updated document _id: 66e41a9b68c8c308f8aab5ab with {'$unset': {'location': '', 'area': ''}}
2024-10-07 00:29:36,652 - WARNING - Conflict in document _id: 66e41ac568c8c308f8aab5ad - Both 'location' and 'city' exist. 'location' will be removed without renaming.
2024-10-07 00:29:36,652 - WARNING - Conflict in document _id: 66e41ac568c8c308f8aab5ad - Both 'area' and 'micromarket' exist. 'area' will be removed without renaming.
2024-10-07 00:29:36,697 - INFO - Updated document _id: 66e41ac568c8c308f8aab5ad with {'$unset': {'location': '', 'area': ''}}
2024-10-07 00:29:36,697 - WARNING - Conflict in document _id: 66e41d7868c8c308f8aab5af - Both 'location' and 'city' exist. 'location' will be removed without renaming.
2024-10-07 00:29:36,697 - WARNING - Conflict in document _id: 66e41d7868c8c308f8aab5af - Both 'area' and 'micromarket' exist. 'area' will be removed without renaming.
2024-10-07 00:29:36,741 - INFO - Updated document _id: 66e41d7868c8c308f8aab5af with {'$unset': {'location': '', 'area': ''}}
2024-10-07 00:29:36,741 - WARNING - Conflict in document _id: 66e4229868c8c308f8aab5b0 - Both 'location' and 'city' exist. 'location' will be removed without renaming.
2024-10-07 00:29:36,741 - WARNING - Conflict in document _id: 66e4229868c8c308f8aab5b0 - Both 'area' and 'micromarket' exist. 'area' will be removed without renaming.
2024-10-07 00:29:36,789 - INFO - Updated document _id: 66e4229868c8c308f8aab5b0 with {'$unset': {'location': '', 'area': ''}}
2024-10-07 00:29:36,789 - WARNING - Conflict in document _id: 66e47659588169fa128e74b9 - Both 'location' and 'city' exist. 'location' will be removed without renaming.
2024-10-07 00:29:36,789 - WARNING - Conflict in document _id: 66e47659588169fa128e74b9 - Both 'area' and 'micromarket' exist. 'area' will be removed without renaming.
2024-10-07 00:29:36,835 - INFO - Updated document _id: 66e47659588169fa128e74b9 with {'$unset': {'location': '', 'area': ''}}
2024-10-07 00:29:36,835 - WARNING - Conflict in document _id: 66e4780e3314ab1808fd38a5 - Both 'location' and 'city' exist. 'location' will be removed without renaming.
2024-10-07 00:29:36,835 - WARNING - Conflict in document _id: 66e4780e3314ab1808fd38a5 - Both 'area' and 'micromarket' exist. 'area' will be removed without renaming.
2024-10-07 00:29:36,878 - INFO - Updated document _id: 66e4780e3314ab1808fd38a5 with {'$unset': {'location': '', 'area': ''}}
2024-10-07 00:29:36,879 - WARNING - Conflict in document _id: 66e479263314ab1808fd38a6 - Both 'location' and 'city' exist. 'location' will be removed without renaming.
2024-10-07 00:29:36,879 - WARNING - Conflict in document _id: 66e479263314ab1808fd38a6 - Both 'area' and 'micromarket' exist. 'area' will be removed without renaming.
2024-10-07 00:29:36,922 - INFO - Updated document _id: 66e479263314ab1808fd38a6 with {'$unset': {'location': '', 'area': ''}}
2024-10-07 00:29:36,923 - INFO - Total documents processed: 42
2024-10-07 00:29:36,923 - INFO - 'location' renamed to 'city' in 0 documents.
2024-10-07 00:29:36,923 - INFO - 'area' renamed to 'micromarket' in 0 documents.
2024-10-07 00:29:36,923 - INFO - Encountered 21 conflicts for 'location' to 'city' renaming.
2024-10-07 00:29:36,924 - INFO - Encountered 21 conflicts for 'area' to 'micromarket' renaming.
2024-10-07 00:29:37,005 - INFO - All 'location' and 'area' fields have been successfully removed from 'properties' collection.
